
Circuit 1 cell sky130_fd_pr__pfet_g5v0d10v5 and Circuit 2 cell sky130_fd_pr__pfet_g5v0d10v5 are black boxes.
Warning: Equate pins:  cell sky130_fd_pr__pfet_g5v0d10v5 is a placeholder, treated as a black box.
Warning: Equate pins:  cell sky130_fd_pr__pfet_g5v0d10v5 is a placeholder, treated as a black box.

Subcircuit pins:
Circuit 1: sky130_fd_pr__pfet_g5v0d10v5    |Circuit 2: sky130_fd_pr__pfet_g5v0d10v5    
-------------------------------------------|-------------------------------------------
1                                          |1                                          
2                                          |2                                          
3                                          |3                                          
4                                          |4                                          
---------------------------------------------------------------------------------------
Cell pin lists are equivalent.
Device classes sky130_fd_pr__pfet_g5v0d10v5 and sky130_fd_pr__pfet_g5v0d10v5 are equivalent.

Circuit 1 cell sky130_fd_pr__nfet_g5v0d10v5 and Circuit 2 cell sky130_fd_pr__nfet_g5v0d10v5 are black boxes.
Warning: Equate pins:  cell sky130_fd_pr__nfet_g5v0d10v5 is a placeholder, treated as a black box.
Warning: Equate pins:  cell sky130_fd_pr__nfet_g5v0d10v5 is a placeholder, treated as a black box.

Subcircuit pins:
Circuit 1: sky130_fd_pr__nfet_g5v0d10v5    |Circuit 2: sky130_fd_pr__nfet_g5v0d10v5    
-------------------------------------------|-------------------------------------------
1                                          |1                                          
2                                          |2                                          
3                                          |3                                          
4                                          |4                                          
---------------------------------------------------------------------------------------
Cell pin lists are equivalent.
Device classes sky130_fd_pr__nfet_g5v0d10v5 and sky130_fd_pr__nfet_g5v0d10v5 are equivalent.

Class vprog_controller (1):  Merged 39 parallel devices.
Subcircuit summary:
Circuit 1: vprog_controller                |Circuit 2: vprog_controller                
-------------------------------------------|-------------------------------------------
sky130_fd_pr__pfet_g5v0d10v5 (9)           |sky130_fd_pr__pfet_g5v0d10v5 (36->9)       
sky130_fd_pr__nfet_g5v0d10v5 (9)           |sky130_fd_pr__nfet_g5v0d10v5 (21->9)       
Number of devices: 18                      |Number of devices: 18                      
Number of nets: 16                         |Number of nets: 16                         
---------------------------------------------------------------------------------------
Netlists match uniquely.

Subcircuit pins:
Circuit 1: vprog_controller                |Circuit 2: vprog_controller                
-------------------------------------------|-------------------------------------------
VPRGPOS                                    |VPRGPOS                                    
VPRGNEG                                    |VPRGNEG                                    
VGND                                       |VGND                                       
VDPWR                                      |VDPWR                                      
pos_en                                     |pos_en                                     
VOUT                                       |VOUT                                       
neg_en                                     |neg_en                                     
---------------------------------------------------------------------------------------
Cell pin lists are equivalent.
Device classes vprog_controller and vprog_controller are equivalent.

Final result: Circuits match uniquely.
.
